{"/Users/sam/Projects/lighter-run/run.js":{"path":"/Users/sam/Projects/lighter-run/run.js","s":{"1":1,"2":1,"3":1,"4":1,"5":1,"6":1,"7":1,"8":1,"9":1,"10":1,"11":0,"12":0,"13":0,"14":0,"15":1,"16":1,"17":1,"18":1,"19":1,"20":1,"21":1,"22":1,"23":1,"24":1,"25":1,"26":1,"27":1,"28":1,"29":1,"30":0,"31":0,"32":0,"33":0,"34":0,"35":0,"36":0,"37":0,"38":0,"39":0,"40":0,"41":0,"42":1,"43":0,"44":0,"45":0,"46":0,"47":0,"48":0,"49":1,"50":1,"51":1,"52":1,"53":1,"54":1,"55":1,"56":1,"57":1,"58":1,"59":0,"60":0,"61":0,"62":0,"63":0,"64":0,"65":0,"66":0,"67":0,"68":0,"69":0,"70":0,"71":1,"72":0,"73":0,"74":0,"75":0,"76":0,"77":0,"78":0,"79":0,"80":1,"81":1,"82":1,"83":1,"84":0,"85":0,"86":0},"b":{"1":[1,1],"2":[1,1],"3":[1,1],"4":[1,1],"5":[1,1],"6":[0,0],"7":[0,0],"8":[0,0],"9":[1,0],"10":[0,0],"11":[0,0],"12":[0,0],"13":[0,0],"14":[0,0]},"f":{"1":0,"2":0,"3":0,"4":0,"5":1,"6":0,"7":0,"8":0,"9":1,"10":0},"fnMap":{"1":{"name":"changed","line":59,"loc":{"start":{"line":59,"column":0},"end":{"line":59,"column":30}}},"2":{"name":"(anonymous_2)","line":64,"loc":{"start":{"line":64,"column":39},"end":{"line":64,"column":52}}},"3":{"name":"munge","line":82,"loc":{"start":{"line":82,"column":0},"end":{"line":82,"column":22}}},"4":{"name":"(anonymous_4)","line":84,"loc":{"start":{"line":84,"column":16},"end":{"line":84,"column":39}}},"5":{"name":"start","line":95,"loc":{"start":{"line":95,"column":0},"end":{"line":95,"column":18}}},"6":{"name":"(anonymous_6)","line":114,"loc":{"start":{"line":114,"column":17},"end":{"line":114,"column":34}}},"7":{"name":"(anonymous_7)","line":121,"loc":{"start":{"line":121,"column":28},"end":{"line":121,"column":40}}},"8":{"name":"(anonymous_8)","line":132,"loc":{"start":{"line":132,"column":20},"end":{"line":132,"column":32}}},"9":{"name":"pipe","line":151,"loc":{"start":{"line":151,"column":0},"end":{"line":151,"column":17}}},"10":{"name":"write","line":160,"loc":{"start":{"line":160,"column":0},"end":{"line":160,"column":22}}}},"statementMap":{"1":{"start":{"line":3,"column":0},"end":{"line":3,"column":42}},"2":{"start":{"line":4,"column":0},"end":{"line":4,"column":48}},"3":{"start":{"line":5,"column":0},"end":{"line":5,"column":27}},"4":{"start":{"line":6,"column":0},"end":{"line":6,"column":27}},"5":{"start":{"line":7,"column":0},"end":{"line":7,"column":32}},"6":{"start":{"line":8,"column":0},"end":{"line":8,"column":23}},"7":{"start":{"line":9,"column":0},"end":{"line":9,"column":21}},"8":{"start":{"line":12,"column":0},"end":{"line":20,"column":1}},"9":{"start":{"line":13,"column":2},"end":{"line":13,"column":33}},"10":{"start":{"line":14,"column":2},"end":{"line":14,"column":20}},"11":{"start":{"line":16,"column":2},"end":{"line":16,"column":16}},"12":{"start":{"line":17,"column":2},"end":{"line":17,"column":75}},"13":{"start":{"line":18,"column":2},"end":{"line":18,"column":70}},"14":{"start":{"line":19,"column":2},"end":{"line":19,"column":16}},"15":{"start":{"line":23,"column":0},"end":{"line":23,"column":49}},"16":{"start":{"line":26,"column":0},"end":{"line":26,"column":49}},"17":{"start":{"line":29,"column":0},"end":{"line":29,"column":55}},"18":{"start":{"line":32,"column":0},"end":{"line":32,"column":39}},"19":{"start":{"line":35,"column":0},"end":{"line":35,"column":19}},"20":{"start":{"line":38,"column":0},"end":{"line":38,"column":9}},"21":{"start":{"line":41,"column":0},"end":{"line":41,"column":34}},"22":{"start":{"line":42,"column":0},"end":{"line":42,"column":27}},"23":{"start":{"line":43,"column":0},"end":{"line":43,"column":29}},"24":{"start":{"line":44,"column":0},"end":{"line":44,"column":15}},"25":{"start":{"line":47,"column":0},"end":{"line":47,"column":31}},"26":{"start":{"line":48,"column":0},"end":{"line":48,"column":17}},"27":{"start":{"line":49,"column":0},"end":{"line":49,"column":14}},"28":{"start":{"line":52,"column":0},"end":{"line":52,"column":7}},"29":{"start":{"line":59,"column":0},"end":{"line":75,"column":1}},"30":{"start":{"line":60,"column":2},"end":{"line":60,"column":40}},"31":{"start":{"line":61,"column":2},"end":{"line":63,"column":3}},"32":{"start":{"line":62,"column":4},"end":{"line":62,"column":37}},"33":{"start":{"line":64,"column":2},"end":{"line":64,"column":79}},"34":{"start":{"line":64,"column":54},"end":{"line":64,"column":77}},"35":{"start":{"line":65,"column":2},"end":{"line":65,"column":51}},"36":{"start":{"line":66,"column":2},"end":{"line":66,"column":63}},"37":{"start":{"line":67,"column":2},"end":{"line":74,"column":3}},"38":{"start":{"line":68,"column":4},"end":{"line":73,"column":5}},"39":{"start":{"line":69,"column":6},"end":{"line":69,"column":29}},"40":{"start":{"line":71,"column":6},"end":{"line":71,"column":18}},"41":{"start":{"line":72,"column":6},"end":{"line":72,"column":23}},"42":{"start":{"line":82,"column":0},"end":{"line":90,"column":1}},"43":{"start":{"line":83,"column":2},"end":{"line":83,"column":37}},"44":{"start":{"line":84,"column":2},"end":{"line":86,"column":4}},"45":{"start":{"line":85,"column":4},"end":{"line":85,"column":50}},"46":{"start":{"line":87,"column":2},"end":{"line":87,"column":14}},"47":{"start":{"line":88,"column":2},"end":{"line":88,"column":25}},"48":{"start":{"line":89,"column":2},"end":{"line":89,"column":13}},"49":{"start":{"line":95,"column":0},"end":{"line":146,"column":1}},"50":{"start":{"line":96,"column":2},"end":{"line":96,"column":12}},"51":{"start":{"line":97,"column":2},"end":{"line":97,"column":22}},"52":{"start":{"line":98,"column":2},"end":{"line":98,"column":35}},"53":{"start":{"line":101,"column":2},"end":{"line":101,"column":40}},"54":{"start":{"line":102,"column":2},"end":{"line":102,"column":21}},"55":{"start":{"line":104,"column":2},"end":{"line":104,"column":49}},"56":{"start":{"line":107,"column":2},"end":{"line":129,"column":3}},"57":{"start":{"line":108,"column":4},"end":{"line":108,"column":10}},"58":{"start":{"line":109,"column":4},"end":{"line":109,"column":19}},"59":{"start":{"line":113,"column":4},"end":{"line":113,"column":15}},"60":{"start":{"line":114,"column":4},"end":{"line":116,"column":5}},"61":{"start":{"line":115,"column":6},"end":{"line":115,"column":21}},"62":{"start":{"line":117,"column":4},"end":{"line":117,"column":35}},"63":{"start":{"line":118,"column":4},"end":{"line":118,"column":35}},"64":{"start":{"line":121,"column":4},"end":{"line":128,"column":17}},"65":{"start":{"line":122,"column":6},"end":{"line":122,"column":26}},"66":{"start":{"line":123,"column":6},"end":{"line":123,"column":51}},"67":{"start":{"line":124,"column":6},"end":{"line":124,"column":51}},"68":{"start":{"line":125,"column":6},"end":{"line":125,"column":12}},"69":{"start":{"line":126,"column":6},"end":{"line":126,"column":17}},"70":{"start":{"line":127,"column":6},"end":{"line":127,"column":21}},"71":{"start":{"line":132,"column":2},"end":{"line":145,"column":4}},"72":{"start":{"line":134,"column":4},"end":{"line":140,"column":5}},"73":{"start":{"line":135,"column":6},"end":{"line":135,"column":19}},"74":{"start":{"line":138,"column":11},"end":{"line":140,"column":5}},"75":{"start":{"line":139,"column":6},"end":{"line":139,"column":36}},"76":{"start":{"line":141,"column":4},"end":{"line":141,"column":26}},"77":{"start":{"line":142,"column":4},"end":{"line":142,"column":28}},"78":{"start":{"line":143,"column":4},"end":{"line":143,"column":47}},"79":{"start":{"line":144,"column":4},"end":{"line":144,"column":94}},"80":{"start":{"line":151,"column":0},"end":{"line":154,"column":1}},"81":{"start":{"line":152,"column":2},"end":{"line":152,"column":27}},"82":{"start":{"line":153,"column":2},"end":{"line":153,"column":27}},"83":{"start":{"line":160,"column":0},"end":{"line":168,"column":1}},"84":{"start":{"line":161,"column":2},"end":{"line":167,"column":3}},"85":{"start":{"line":162,"column":4},"end":{"line":166,"column":5}},"86":{"start":{"line":163,"column":6},"end":{"line":163,"column":24}}},"branchMap":{"1":{"line":4,"type":"binary-expr","locations":[{"start":{"line":4,"column":13},"end":{"line":4,"column":42}},{"start":{"line":4,"column":46},"end":{"line":4,"column":48}}]},"2":{"line":23,"type":"binary-expr","locations":[{"start":{"line":23,"column":21},"end":{"line":23,"column":42}},{"start":{"line":23,"column":46},"end":{"line":23,"column":49}}]},"3":{"line":26,"type":"binary-expr","locations":[{"start":{"line":26,"column":21},"end":{"line":26,"column":42}},{"start":{"line":26,"column":46},"end":{"line":26,"column":49}}]},"4":{"line":29,"type":"binary-expr","locations":[{"start":{"line":29,"column":25},"end":{"line":29,"column":50}},{"start":{"line":29,"column":54},"end":{"line":29,"column":55}}]},"5":{"line":32,"type":"binary-expr","locations":[{"start":{"line":32,"column":16},"end":{"line":32,"column":32}},{"start":{"line":32,"column":36},"end":{"line":32,"column":39}}]},"6":{"line":61,"type":"if","locations":[{"start":{"line":61,"column":2},"end":{"line":61,"column":2}},{"start":{"line":61,"column":2},"end":{"line":61,"column":2}}]},"7":{"line":67,"type":"if","locations":[{"start":{"line":67,"column":2},"end":{"line":67,"column":2}},{"start":{"line":67,"column":2},"end":{"line":67,"column":2}}]},"8":{"line":68,"type":"if","locations":[{"start":{"line":68,"column":4},"end":{"line":68,"column":4}},{"start":{"line":68,"column":4},"end":{"line":68,"column":4}}]},"9":{"line":107,"type":"if","locations":[{"start":{"line":107,"column":2},"end":{"line":107,"column":2}},{"start":{"line":107,"column":2},"end":{"line":107,"column":2}}]},"10":{"line":134,"type":"if","locations":[{"start":{"line":134,"column":4},"end":{"line":134,"column":4}},{"start":{"line":134,"column":4},"end":{"line":134,"column":4}}]},"11":{"line":134,"type":"binary-expr","locations":[{"start":{"line":134,"column":8},"end":{"line":134,"column":21}},{"start":{"line":134,"column":26},"end":{"line":134,"column":64}}]},"12":{"line":138,"type":"if","locations":[{"start":{"line":138,"column":11},"end":{"line":138,"column":11}},{"start":{"line":138,"column":11},"end":{"line":138,"column":11}}]},"13":{"line":144,"type":"binary-expr","locations":[{"start":{"line":144,"column":18},"end":{"line":144,"column":76}},{"start":{"line":144,"column":80},"end":{"line":144,"column":94}}]},"14":{"line":161,"type":"if","locations":[{"start":{"line":161,"column":2},"end":{"line":161,"column":2}},{"start":{"line":161,"column":2},"end":{"line":161,"column":2}}]}}}}